<?xml version="1.0" encoding="UTF-8"?>
<testng-results skipped="0" failed="0" ignored="0" total="1" passed="1">
  <reporter-output>
  </reporter-output>
  <suite name="Default suite" duration-ms="165752" started-at="2020-01-18T12:47:09 IST" finished-at="2020-01-18T12:49:54 IST">
    <groups>
    </groups>
    <test name="Default test" duration-ms="165752" started-at="2020-01-18T12:47:09 IST" finished-at="2020-01-18T12:49:54 IST">
      <class name="com.techouts.fanniemae.testcases.RealEstateBrokerSupplierCreationTest">
        <test-method status="PASS" signature="beforeSuite()[pri:0, instance:com.techouts.fanniemae.testcases.RealEstateBrokerSupplierCreationTest@5d8bafa9]" name="beforeSuite" is-config="true" duration-ms="235" started-at="2020-01-18T12:47:08 IST" finished-at="2020-01-18T12:47:09 IST">
          <reporter-output>
          </reporter-output>
        </test-method> <!-- beforeSuite -->
        <test-method status="PASS" signature="createRealEstateBrokerSupplier()[pri:4, instance:com.techouts.fanniemae.testcases.RealEstateBrokerSupplierCreationTest@5d8bafa9]" name="createRealEstateBrokerSupplier" duration-ms="165721" started-at="2020-01-18T12:47:09 IST" finished-at="2020-01-18T12:49:54 IST">
          <reporter-output>
          </reporter-output>
        </test-method> <!-- createRealEstateBrokerSupplier -->
        <test-method status="PASS" signature="afterSuite()[pri:0, instance:com.techouts.fanniemae.testcases.RealEstateBrokerSupplierCreationTest@5d8bafa9]" name="afterSuite" is-config="true" duration-ms="4271" started-at="2020-01-18T12:49:55 IST" finished-at="2020-01-18T12:49:59 IST">
          <reporter-output>
          </reporter-output>
        </test-method> <!-- afterSuite -->
      </class> <!-- com.techouts.fanniemae.testcases.RealEstateBrokerSupplierCreationTest -->
    </test> <!-- Default test -->
  </suite> <!-- Default suite -->
</testng-results>
